<?xml version="1.0" encoding="UTF-8"?>
<testsuite xmlns:xsi="http://www.w3.org/2001/XMLSchema-instance" xsi:schemaLocation="https://maven.apache.org/surefire/maven-surefire-plugin/xsd/surefire-test-report.xsd" name="TestSuite" time="0.955" tests="0" errors="0" skipped="0" failures="0">
  <properties>
    <property name="jansi.mode" value="force"/>
    <property name="java.runtime.name" value="OpenJDK Runtime Environment"/>
    <property name="java.vm.version" value="19.0.1+10"/>
    <property name="sun.boot.library.path" value="C:\Users\chinnaswamyn\Downloads\eclipse-java-2022-03-R-win32-x86_64\eclipse\plugins\org.eclipse.justj.openjdk.hotspot.jre.full.win32.x86_64_19.0.1.v20221102-1007\jre\bin"/>
    <property name="maven.multiModuleProjectDirectory" value="C:\Users\chinnaswamyn\eclipse-workspace\SDET_API_Automation_FrameWork\suntech.PRMS_Cucumber"/>
    <property name="java.vm.vendor" value="Eclipse Adoptium"/>
    <property name="java.vendor.url" value="https://adoptium.net/"/>
    <property name="guice.disable.misplaced.annotation.check" value="true"/>
    <property name="path.separator" value=";"/>
    <property name="java.vm.name" value="OpenJDK 64-Bit Server VM"/>
    <property name="sun.os.patch.level" value=""/>
    <property name="user.script" value=""/>
    <property name="user.country" value="IN"/>
    <property name="sun.java.launcher" value="SUN_STANDARD"/>
    <property name="java.vm.specification.name" value="Java Virtual Machine Specification"/>
    <property name="user.dir" value="C:\Users\chinnaswamyn\eclipse-workspace\SDET_API_Automation_FrameWork\suntech.PRMS_Cucumber"/>
    <property name="java.vm.compressedOopsMode" value="Zero based"/>
    <property name="java.runtime.version" value="19.0.1+10"/>
    <property name="os.arch" value="amd64"/>
    <property name="java.io.tmpdir" value="C:\Users\CHINNA~1\AppData\Local\Temp\"/>
    <property name="line.separator" value="&#10;"/>
    <property name="java.vm.specification.vendor" value="Oracle Corporation"/>
    <property name="user.variant" value=""/>
    <property name="stderr.encoding" value="Cp1252"/>
    <property name="os.name" value="Windows 10"/>
    <property name="classworlds.conf" value="C:\Users\chinnaswamyn\eclipse-workspace\SDET_API_Automation_FrameWork\.metadata\.plugins\org.eclipse.m2e.launching\launches\m2conf1311783393190291196.tmp"/>
    <property name="sun.jnu.encoding" value="Cp1252"/>
    <property name="stdout.encoding" value="Cp1252"/>
    <property name="java.library.path" value="C:\Users\chinnaswamyn\Downloads\eclipse-java-2022-03-R-win32-x86_64\eclipse\plugins\org.eclipse.justj.openjdk.hotspot.jre.full.win32.x86_64_19.0.1.v20221102-1007\jre\bin;C:\windows\Sun\Java\bin;C:\windows\system32;C:\windows;C:/Users/chinnaswamyn/Downloads/eclipse-java-2022-03-R-win32-x86_64/eclipse//plugins/org.eclipse.justj.openjdk.hotspot.jre.full.win32.x86_64_19.0.1.v20221102-1007/jre/bin/server;C:/Users/chinnaswamyn/Downloads/eclipse-java-2022-03-R-win32-x86_64/eclipse//plugins/org.eclipse.justj.openjdk.hotspot.jre.full.win32.x86_64_19.0.1.v20221102-1007/jre/bin;C:\Program Files (x86)\RSA SecurID Token Common;C:\Program Files\RSA SecurID Token Common;C:\Program Files (x86)\Common Files\Oracle\Java\javapath;C:\windows\system32;C:\windows;C:\windows\System32\Wbem;C:\windows\System32\WindowsPowerShell\v1.0\;C:\windows\System32\OpenSSH\;C:\Program Files\nodejs\;C:\Users\chinnaswamyn\AppData\Local\Android\Sdk\tools\bin;C:\Users\chinnaswamyn\AppData\Local\Android\Sdk\tools;C:\Selenium\apache-maven-3.8.5\bin;Maven Integration for Eclipse;C:\Users\chinnaswamyn\AppData\Local\Android\Sdk\platform-tools;C:\Program Files\Java\jdk1.8.0_202\bin;C:\Users\chinnaswamyn\AppData\Local\Android\Sdk\tools\lib\x86_64;C:\Users\chinnaswamyn\AppData\Local\Android\Sdk\tools\bin;C:\Selenium\apache-maven-3.8.5\bin;C:\Users\chinnaswamyn\AppData\Roaming\npm\node_modules\appium\build\lib;C:\Program Files\RSA SecurID Token Common\;C:\Users\chinnaswamyn\AppData\Local\Programs\Microsoft VS Code\bin;C:\Users\chinnaswamyn\Downloads\eclipse-java-2022-03-R-win32-x86_64\eclipse;;."/>
    <property name="jdk.debug" value="release"/>
    <property name="java.class.version" value="63.0"/>
    <property name="java.specification.name" value="Java Platform API Specification"/>
    <property name="sun.management.compiler" value="HotSpot 64-Bit Tiered Compilers"/>
    <property name="os.version" value="10.0"/>
    <property name="user.home" value="C:\Users\chinnaswamyn"/>
    <property name="user.timezone" value="Asia/Calcutta"/>
    <property name="file.encoding" value="UTF-8"/>
    <property name="java.specification.version" value="19"/>
    <property name="user.name" value="chinnaswamyn"/>
    <property name="java.class.path" value="C:\Users\chinnaswamyn\Downloads\eclipse-java-2022-03-R-win32-x86_64\eclipse\plugins\org.eclipse.m2e.maven.runtime_3.8.701.20230209-1606\jars\plexus-classworlds-2.6.0.jar"/>
    <property name="java.vm.specification.version" value="19"/>
    <property name="sun.arch.data.model" value="64"/>
    <property name="sun.java.command" value="org.codehaus.plexus.classworlds.launcher.Launcher -B -Dstyle.color=always test"/>
    <property name="java.home" value="C:\Users\chinnaswamyn\Downloads\eclipse-java-2022-03-R-win32-x86_64\eclipse\plugins\org.eclipse.justj.openjdk.hotspot.jre.full.win32.x86_64_19.0.1.v20221102-1007\jre"/>
    <property name="user.language" value="en"/>
    <property name="java.specification.vendor" value="Oracle Corporation"/>
    <property name="java.vm.info" value="mixed mode"/>
    <property name="java.version" value="19.0.1"/>
    <property name="native.encoding" value="Cp1252"/>
    <property name="java.vendor" value="Eclipse Adoptium"/>
    <property name="maven.home" value="C:\Users\chinnaswamyn\eclipse-workspace\SDET_API_Automation_FrameWork\suntech.PRMS_Cucumber\EMBEDDED"/>
    <property name="style.color" value="always"/>
    <property name="file.separator" value="\"/>
    <property name="java.version.date" value="2022-10-18"/>
    <property name="java.vendor.url.bug" value="https://github.com/adoptium/adoptium-support/issues"/>
    <property name="sun.io.unicode.encoding" value="UnicodeLittle"/>
    <property name="sun.cpu.endian" value="little"/>
    <property name="java.vendor.version" value="Temurin-19.0.1+10"/>
    <property name="m2e.build.project.data.socket.port" value="55822"/>
    <property name="sun.cpu.isalist" value="amd64"/>
  </properties>
</testsuite>